Importer Log Report
Project : Group

Section : Analyze Document - C:\EAGLE 8.1.0\lbr\To Import\ir.lbr
    Analyzing data of C:\EAGLE 8.1.0\lbr\To Import\ir.lbr
    Load settings
    Load layers 59
    Load Library library
    Load Library ""
    Load Packages 5
    Load Symbols 8
    Load DeviceSets 7
EndSection

Section : Analyze Document - C:\EAGLE 8.1.0\lbr\To Import\isd.lbr
    Analyzing data of C:\EAGLE 8.1.0\lbr\To Import\isd.lbr
    Load settings
    Load layers 59
    Load Library library
    Load Library ""
    Load Packages 2
    Load Symbols 2
    Load DeviceSets 2
EndSection

Section : Analyze Document - C:\EAGLE 8.1.0\lbr\To Import\led.lbr
    Analyzing data of C:\EAGLE 8.1.0\lbr\To Import\led.lbr
    Load settings
    Load layers 59
    Load Library library
    Load Library ""
    Load Packages 116
    ERROR: Unhandled typedimension
    ERROR: Unhandled typedimension
    Load Symbols 34
    Load DeviceSets 80
EndSection

Section : Analyze Document - C:\EAGLE 8.1.0\lbr\To Import\linear.lbr
    Analyzing data of C:\EAGLE 8.1.0\lbr\To Import\linear.lbr
    Load settings
    Load layers 59
    Load Library library
    Load Library ""
    Load Packages 119
    Load Symbols 157
    Load DeviceSets 339
EndSection

Section : Analyze Document - C:\EAGLE 8.1.0\lbr\To Import\memory.lbr
    Analyzing data of C:\EAGLE 8.1.0\lbr\To Import\memory.lbr
    Load settings
    Load layers 59
    Load Library library
    Load Library ""
    Load Packages 26
    Load Symbols 76
    Load DeviceSets 79
EndSection

Section : Analyze Document - C:\EAGLE 8.1.0\lbr\To Import\national-semiconductor.lbr
    Analyzing data of C:\EAGLE 8.1.0\lbr\To Import\national-semiconductor.lbr
    Load settings
    Load layers 59
    Load Library library
    Load Library ""
    Load Packages 26
    Load Symbols 17
    Load DeviceSets 16
EndSection

Section : Analyze Document - C:\EAGLE 8.1.0\lbr\To Import\pot.lbr
    Analyzing data of C:\EAGLE 8.1.0\lbr\To Import\pot.lbr
    Load settings
    Load layers 59
    Load Library library
    Load Library ""
    Load Packages 55
    Load Symbols 4
    Load DeviceSets 7
EndSection

Section : Analyze Document - C:\EAGLE 8.1.0\lbr\To Import\ptc-ntc.lbr
    Analyzing data of C:\EAGLE 8.1.0\lbr\To Import\ptc-ntc.lbr
    Load settings
    Load layers 59
    Load Library library
    Load Library ""
    Load Packages 11
    Load Symbols 4
    Load DeviceSets 13
EndSection

Section : Import Document - C:\EAGLE 8.1.0\lbr\To Import\linear.lbr
    Circles with holes do not supported for rooms!
    Circles with holes do not supported for rooms!
    Circles with holes do not supported for rooms!
EndSection
