Importer Log Report
Project : Group

Section : Analyze Document - C:\EAGLE 8.1.0\lbr\To Import\19inch.lbr
    Analyzing data of C:\EAGLE 8.1.0\lbr\To Import\19inch.lbr
    Load settings
    Load layers 59
    Load Library library
    Load Library ""
    Load Packages 26
    Load Symbols 6
    Load DeviceSets 8
EndSection

Section : Analyze Document - C:\EAGLE 8.1.0\lbr\To Import\40xx.lbr
    Analyzing data of C:\EAGLE 8.1.0\lbr\To Import\40xx.lbr
    Load settings
    Load layers 59
    Load Library library
    Load Library ""
    Load Packages 22
    Load Symbols 87
    Load DeviceSets 87
EndSection

Section : Analyze Document - C:\EAGLE 8.1.0\lbr\To Import\41xx.lbr
    Analyzing data of C:\EAGLE 8.1.0\lbr\To Import\41xx.lbr
    Load settings
    Load layers 59
    Load Library library
    Load Library ""
    Load Packages 2
    Load Symbols 5
    Load DeviceSets 7
EndSection

Section : Analyze Document - C:\EAGLE 8.1.0\lbr\To Import\45xx.lbr
    Analyzing data of C:\EAGLE 8.1.0\lbr\To Import\45xx.lbr
    Load settings
    Load layers 59
    Load Library library
    Load Library ""
    Load Packages 10
    Load Symbols 64
    Load DeviceSets 60
EndSection

Section : Analyze Document - C:\EAGLE 8.1.0\lbr\To Import\74ac-logic.lbr
    Analyzing data of C:\EAGLE 8.1.0\lbr\To Import\74ac-logic.lbr
    Load settings
    Load layers 59
    Load Library library
    Load Library ""
    Load Packages 21
    Load Symbols 79
    Load DeviceSets 71
EndSection

Section : Analyze Document - C:\EAGLE 8.1.0\lbr\To Import\74ttl-din.lbr
    Analyzing data of C:\EAGLE 8.1.0\lbr\To Import\74ttl-din.lbr
    Load settings
    Load layers 59
    Load Library library
    Load Library ""
    Load Packages 5
    Load Symbols 199
    Load DeviceSets 165
EndSection

Section : Analyze Document - C:\EAGLE 8.1.0\lbr\To Import\74xx-eu.lbr
    Analyzing data of C:\EAGLE 8.1.0\lbr\To Import\74xx-eu.lbr
    Load settings
    Load layers 59
    Load Library library
    Load Library ""
    Load Packages 28
    Load Symbols 350
    Load DeviceSets 332
EndSection

Section : Analyze Document - C:\EAGLE 8.1.0\lbr\To Import\74xx-little-de.lbr
    Analyzing data of C:\EAGLE 8.1.0\lbr\To Import\74xx-little-de.lbr
    Load settings
    Load layers 59
    Load Library library
    Load Library ""
    Load Packages 22
    Load Symbols 21
    Load DeviceSets 22
EndSection

Section : Analyze Document - C:\EAGLE 8.1.0\lbr\To Import\74xx-little-us.lbr
    Analyzing data of C:\EAGLE 8.1.0\lbr\To Import\74xx-little-us.lbr
    Load settings
    Load layers 59
    Load Library library
    Load Library ""
    Load Packages 17
    Load Symbols 21
    Load DeviceSets 22
EndSection

Section : Analyze Document - C:\EAGLE 8.1.0\lbr\To Import\74xx-us.lbr
    Analyzing data of C:\EAGLE 8.1.0\lbr\To Import\74xx-us.lbr
    Load settings
    Load layers 59
    Load Library library
    Load Library ""
    Load Packages 32
    Load Symbols 364
    Load DeviceSets 329
EndSection

Section : Analyze Document - C:\EAGLE 8.1.0\lbr\To Import\751xx.lbr
    Analyzing data of C:\EAGLE 8.1.0\lbr\To Import\751xx.lbr
    Load settings
    Load layers 59
    Load Library library
    Load Library ""
    Load Packages 9
    Load Symbols 14
    Load DeviceSets 13
EndSection

Section : Analyze Document - C:\EAGLE 8.1.0\lbr\To Import\analog-devices.lbr
    Analyzing data of C:\EAGLE 8.1.0\lbr\To Import\analog-devices.lbr
    Load settings
    Load layers 59
    Load Library library
    Load Library ""
    Load Packages 79
    Load Symbols 139
    Load DeviceSets 164
EndSection

Section : Analyze Document - C:\EAGLE 8.1.0\lbr\To Import\battery.lbr
    Analyzing data of C:\EAGLE 8.1.0\lbr\To Import\battery.lbr
    Load settings
    Load layers 59
    Load Library library
    Load Library ""
    Load Packages 43
    Load Symbols 21
    Load DeviceSets 62
EndSection

Section : Analyze Document - C:\EAGLE 8.1.0\lbr\To Import\burr-brown.lbr
    Analyzing data of C:\EAGLE 8.1.0\lbr\To Import\burr-brown.lbr
    Load settings
    Load layers 59
    Load Library library
    Load Library ""
    Load Packages 61
    Load Symbols 156
    Load DeviceSets 198
EndSection

Section : Analyze Document - C:\EAGLE 8.1.0\lbr\To Import\buzzer.lbr
    Analyzing data of C:\EAGLE 8.1.0\lbr\To Import\buzzer.lbr
    Load settings
    Load layers 59
    Load Library library
    Load Library ""
    Load Packages 39
    Load Symbols 6
    Load DeviceSets 36
EndSection

Section : Analyze Document - C:\EAGLE 8.1.0\lbr\To Import\capacitor-wima.lbr
    Analyzing data of C:\EAGLE 8.1.0\lbr\To Import\capacitor-wima.lbr
    Load settings
    Load layers 59
    Load Library library
    Load Library ""
    Load Packages 45
    Load Symbols 2
    Load DeviceSets 2
EndSection

Section : Analyze Document - C:\EAGLE 8.1.0\lbr\To Import\diode.lbr
    Analyzing data of C:\EAGLE 8.1.0\lbr\To Import\diode.lbr
    Load settings
    Load layers 60
    Load Library library
    Load Library ""
    Load Packages 206
    Load Symbols 39
    Load DeviceSets 205
EndSection

Section : Analyze Document - C:\EAGLE 8.1.0\lbr\To Import\discrete.lbr
    Analyzing data of C:\EAGLE 8.1.0\lbr\To Import\discrete.lbr
    Load settings
    Load layers 59
    Load Library library
    Load Library ""
    Load Packages 6
    Load Symbols 4
    Load DeviceSets 4
EndSection

Section : Analyze Document - C:\EAGLE 8.1.0\lbr\To Import\ftdichip.lbr
    Analyzing data of C:\EAGLE 8.1.0\lbr\To Import\ftdichip.lbr
    Load settings
    Load layers 59
    Load Library library
    Load Library ""
    Load Packages 6
    Load Symbols 4
    Load DeviceSets 4
EndSection

Section : Analyze Document - C:\EAGLE 8.1.0\lbr\To Import\fuse.lbr
    Analyzing data of C:\EAGLE 8.1.0\lbr\To Import\fuse.lbr
    Load settings
    Load layers 59
    Load Library library
    Load Library ""
    Load Packages 27
    Load Symbols 2
    Load DeviceSets 24
EndSection

Section : Analyze Document - C:\EAGLE 8.1.0\lbr\To Import\heatsink.lbr
    Analyzing data of C:\EAGLE 8.1.0\lbr\To Import\heatsink.lbr
    Load settings
    Load layers 59
    Load Library library
    Load Library ""
    Load Packages 35
    Load Symbols 5
    Load DeviceSets 34
EndSection

Section : Analyze Document - C:\EAGLE 8.1.0\lbr\To Import\ic-package.lbr
    Analyzing data of C:\EAGLE 8.1.0\lbr\To Import\ic-package.lbr
    Load settings
    Load layers 59
    Load Library library
    Load Library ""
    Load Packages 75
    Load Symbols 26
    Load DeviceSets 26
EndSection

Section : Analyze Document - C:\EAGLE 8.1.0\lbr\To Import\ir.lbr
    Analyzing data of C:\EAGLE 8.1.0\lbr\To Import\ir.lbr
    Load settings
    Load layers 59
    Load Library library
    Load Library ""
    Load Packages 5
    Load Symbols 8
    Load DeviceSets 7
EndSection

Section : Analyze Document - C:\EAGLE 8.1.0\lbr\To Import\isd.lbr
    Analyzing data of C:\EAGLE 8.1.0\lbr\To Import\isd.lbr
    Load settings
    Load layers 59
    Load Library library
    Load Library ""
    Load Packages 2
    Load Symbols 2
    Load DeviceSets 2
EndSection

Section : Analyze Document - C:\EAGLE 8.1.0\lbr\To Import\led.lbr
    Analyzing data of C:\EAGLE 8.1.0\lbr\To Import\led.lbr
    Load settings
    Load layers 59
    Load Library library
    Load Library ""
    Load Packages 116
    ERROR: Unhandled typedimension
    ERROR: Unhandled typedimension
    Load Symbols 34
    Load DeviceSets 80
EndSection

Section : Analyze Document - C:\EAGLE 8.1.0\lbr\To Import\linear.lbr
    Analyzing data of C:\EAGLE 8.1.0\lbr\To Import\linear.lbr
    Load settings
    Load layers 59
    Load Library library
    Load Library ""
    Load Packages 119
    Load Symbols 157
    Load DeviceSets 339
EndSection

Section : Analyze Document - C:\EAGLE 8.1.0\lbr\To Import\memory.lbr
    Analyzing data of C:\EAGLE 8.1.0\lbr\To Import\memory.lbr
    Load settings
    Load layers 59
    Load Library library
    Load Library ""
    Load Packages 26
    Load Symbols 76
    Load DeviceSets 79
EndSection

Section : Analyze Document - C:\EAGLE 8.1.0\lbr\To Import\national-semiconductor.lbr
    Analyzing data of C:\EAGLE 8.1.0\lbr\To Import\national-semiconductor.lbr
    Load settings
    Load layers 59
    Load Library library
    Load Library ""
    Load Packages 26
    Load Symbols 17
    Load DeviceSets 16
EndSection

Section : Analyze Document - C:\EAGLE 8.1.0\lbr\To Import\pot.lbr
    Analyzing data of C:\EAGLE 8.1.0\lbr\To Import\pot.lbr
    Load settings
    Load layers 59
    Load Library library
    Load Library ""
    Load Packages 55
    Load Symbols 4
    Load DeviceSets 7
EndSection

Section : Analyze Document - C:\EAGLE 8.1.0\lbr\To Import\ptc-ntc.lbr
    Analyzing data of C:\EAGLE 8.1.0\lbr\To Import\ptc-ntc.lbr
    Load settings
    Load layers 59
    Load Library library
    Load Library ""
    Load Packages 11
    Load Symbols 4
    Load DeviceSets 13
EndSection

Section : Analyze Document - C:\EAGLE 8.1.0\lbr\To Import\rcl.lbr
    Analyzing data of C:\EAGLE 8.1.0\lbr\To Import\rcl.lbr
    Load settings
    Load layers 59
    Load Library library
    Load Library ""
    Load Packages 487
    Load Symbols 12
    Load DeviceSets 14
EndSection

Section : Analyze Document - C:\EAGLE 8.1.0\lbr\To Import\ref-packages.lbr
    Analyzing data of C:\EAGLE 8.1.0\lbr\To Import\ref-packages.lbr
    Load settings
    Load layers 59
    Load Library library
    Load Library ""
    Load Packages 1543
    Load Symbols 0
    Load DeviceSets 0
EndSection

Section : Analyze Document - C:\EAGLE 8.1.0\lbr\To Import\relay.lbr
    Analyzing data of C:\EAGLE 8.1.0\lbr\To Import\relay.lbr
    Load settings
    Load layers 59
    Load Library library
    Load Library ""
    Load Packages 291
    Load Symbols 59
    Load DeviceSets 264
EndSection

Section : Analyze Document - C:\EAGLE 8.1.0\lbr\To Import\resistor.lbr
    Analyzing data of C:\EAGLE 8.1.0\lbr\To Import\resistor.lbr
    Load settings
    Load layers 60
    Load Library library
    Load Library ""
    Load Packages 427
    Load Symbols 15
    Load DeviceSets 13
EndSection

Section : Analyze Document - C:\EAGLE 8.1.0\lbr\To Import\resistor-bourns.lbr
    Analyzing data of C:\EAGLE 8.1.0\lbr\To Import\resistor-bourns.lbr
    Load settings
    Load layers 59
    Load Library library
    Load Library ""
    Load Packages 7
    Load Symbols 12
    Load DeviceSets 20
EndSection

Section : Analyze Document - C:\EAGLE 8.1.0\lbr\To Import\resistor-dil.lbr
    Analyzing data of C:\EAGLE 8.1.0\lbr\To Import\resistor-dil.lbr
    Load settings
    Load layers 59
    Load Library library
    Load Library ""
    Load Packages 22
    Load Symbols 8
    Load DeviceSets 14
EndSection

Section : Analyze Document - C:\EAGLE 8.1.0\lbr\To Import\resistor-net.lbr
    Analyzing data of C:\EAGLE 8.1.0\lbr\To Import\resistor-net.lbr
    Load settings
    Load layers 59
    Load Library library
    Load Library ""
    Load Packages 12
    Load Symbols 15
    Load DeviceSets 19
EndSection

Section : Analyze Document - C:\EAGLE 8.1.0\lbr\To Import\resistor-power.lbr
    Analyzing data of C:\EAGLE 8.1.0\lbr\To Import\resistor-power.lbr
    Load settings
    Load layers 59
    Load Library library
    Load Library ""
    Load Packages 89
    Load Symbols 1
    Load DeviceSets 2
EndSection

Section : Analyze Document - C:\EAGLE 8.1.0\lbr\To Import\resistor-ruf.lbr
    Analyzing data of C:\EAGLE 8.1.0\lbr\To Import\resistor-ruf.lbr
    Load settings
    Load layers 59
    Load Library library
    Load Library ""
    Load Packages 3
    Load Symbols 1
    Load DeviceSets 3
EndSection

Section : Analyze Document - C:\EAGLE 8.1.0\lbr\To Import\resistor-shunt.lbr
    Analyzing data of C:\EAGLE 8.1.0\lbr\To Import\resistor-shunt.lbr
    Load settings
    Load layers 59
    Load Library library
    Load Library ""
    Load Packages 14
    Load Symbols 2
    Load DeviceSets 13
EndSection

Section : Analyze Document - C:\EAGLE 8.1.0\lbr\To Import\resistor-sil.lbr
    Analyzing data of C:\EAGLE 8.1.0\lbr\To Import\resistor-sil.lbr
    Load settings
    Load layers 59
    Load Library library
    Load Library ""
    Load Packages 11
    Load Symbols 30
    Load DeviceSets 57
EndSection

Section : Analyze Document - C:\EAGLE 8.1.0\lbr\To Import\solpad.lbr
    Analyzing data of C:\EAGLE 8.1.0\lbr\To Import\solpad.lbr
    Load settings
    Load layers 59
    Load Library library
    Load Library ""
    Load Packages 8
    Load Symbols 1
    Load DeviceSets 8
EndSection

Section : Analyze Document - C:\EAGLE 8.1.0\lbr\To Import\speaker.lbr
    Analyzing data of C:\EAGLE 8.1.0\lbr\To Import\speaker.lbr
    Load settings
    Load layers 59
    Load Library library
    Load Library ""
    Load Packages 1
    Load Symbols 1
    Load DeviceSets 1
EndSection

Section : Analyze Document - C:\EAGLE 8.1.0\lbr\To Import\special.lbr
    Analyzing data of C:\EAGLE 8.1.0\lbr\To Import\special.lbr
    Load settings
    Load layers 59
    Load Library library
    Load Library ""
    Load Packages 77
    Load Symbols 23
    Load DeviceSets 27
EndSection

Section : Analyze Document - C:\EAGLE 8.1.0\lbr\To Import\supply1.lbr
    Analyzing data of C:\EAGLE 8.1.0\lbr\To Import\supply1.lbr
    Load settings
    Load layers 59
    Load Library library
    Load Library ""
    Load Packages 0
    Load Symbols 29
    Load DeviceSets 28
EndSection

Section : Analyze Document - C:\EAGLE 8.1.0\lbr\To Import\supply2.lbr
    Analyzing data of C:\EAGLE 8.1.0\lbr\To Import\supply2.lbr
    Load settings
    Load layers 59
    Load Library library
    Load Library ""
    Load Packages 1
    Load Symbols 48
    Load DeviceSets 48
EndSection

Section : Analyze Document - C:\EAGLE 8.1.0\lbr\To Import\switch.lbr
    Analyzing data of C:\EAGLE 8.1.0\lbr\To Import\switch.lbr
    Load settings
    Load layers 59
    Load Library library
    Load Library ""
    Load Packages 92
    Load Symbols 54
    Load DeviceSets 93
EndSection

Section : Analyze Document - C:\EAGLE 8.1.0\lbr\To Import\testpad.lbr
    Analyzing data of C:\EAGLE 8.1.0\lbr\To Import\testpad.lbr
    Load settings
    Load layers 59
    Load Library library
    Load Library ""
    Load Packages 42
    Load Symbols 4
    Load DeviceSets 8
EndSection

Section : Analyze Document - C:\EAGLE 8.1.0\lbr\To Import\texas.lbr
    Analyzing data of C:\EAGLE 8.1.0\lbr\To Import\texas.lbr
    Load settings
    Load layers 59
    Load Library library
    Load Library ""
    Load Packages 124
    Load Symbols 195
    Load DeviceSets 132
EndSection

Section : Analyze Document - C:\EAGLE 8.1.0\lbr\To Import\trafo.lbr
    Analyzing data of C:\EAGLE 8.1.0\lbr\To Import\trafo.lbr
    Load settings
    Load layers 59
    Load Library library
    Load Library ""
    Load Packages 80
    Load Symbols 18
    Load DeviceSets 80
EndSection

Section : Analyze Document - C:\EAGLE 8.1.0\lbr\To Import\trafo-hammondmfg.lbr
    Analyzing data of C:\EAGLE 8.1.0\lbr\To Import\trafo-hammondmfg.lbr
    Load settings
    Load layers 59
    Load Library library
    Load Library ""
    Load Packages 17
    Load Symbols 1
    Load DeviceSets 1
EndSection

Section : Analyze Document - C:\EAGLE 8.1.0\lbr\To Import\transistor.lbr
    Analyzing data of C:\EAGLE 8.1.0\lbr\To Import\transistor.lbr
    Load settings
    Load layers 59
    Load Library library
    Load Library ""
    Load Packages 58
    Load Symbols 13
    Load DeviceSets 146
EndSection

Section : Analyze Document - C:\EAGLE 8.1.0\lbr\To Import\transistor-fet.lbr
    Analyzing data of C:\EAGLE 8.1.0\lbr\To Import\transistor-fet.lbr
    Load settings
    Load layers 59
    Load Library library
    Load Library ""
    Load Packages 45
    Load Symbols 22
    Load DeviceSets 96
EndSection

Section : Analyze Document - C:\EAGLE 8.1.0\lbr\To Import\transistor-neu-to92.lbr
    Analyzing data of C:\EAGLE 8.1.0\lbr\To Import\transistor-neu-to92.lbr
    Load settings
    Load layers 59
    Load Library library
    Load Library ""
    Load Packages 57
    Load Symbols 19
    Load DeviceSets 140
EndSection

Section : Analyze Document - C:\EAGLE 8.1.0\lbr\To Import\transistor-npn.lbr
    Analyzing data of C:\EAGLE 8.1.0\lbr\To Import\transistor-npn.lbr
    Load settings
    Load layers 59
    Load Library library
    Load Library ""
    Load Packages 49
    Load Symbols 7
    Load DeviceSets 174
EndSection

Section : Analyze Document - C:\EAGLE 8.1.0\lbr\To Import\transistor-pnp.lbr
    Analyzing data of C:\EAGLE 8.1.0\lbr\To Import\transistor-pnp.lbr
    Load settings
    Load layers 59
    Load Library library
    Load Library ""
    Load Packages 37
    Load Symbols 3
    Load DeviceSets 139
EndSection

Section : Analyze Document - C:\EAGLE 8.1.0\lbr\To Import\transistor-power.lbr
    Analyzing data of C:\EAGLE 8.1.0\lbr\To Import\transistor-power.lbr
    Load settings
    Load layers 59
    Load Library library
    Load Library ""
    Load Packages 90
    Load Symbols 27
    Load DeviceSets 80
EndSection

Section : Analyze Document - C:\EAGLE 8.1.0\lbr\To Import\transistor-small-signal.lbr
    Analyzing data of C:\EAGLE 8.1.0\lbr\To Import\transistor-small-signal.lbr
    Load settings
    Load layers 59
    Load Library library
    Load Library ""
    Load Packages 107
    Load Symbols 16
    Load DeviceSets 62
EndSection

Section : Analyze Document - C:\EAGLE 8.1.0\lbr\To Import\varistor.lbr
    Analyzing data of C:\EAGLE 8.1.0\lbr\To Import\varistor.lbr
    Load settings
    Load layers 59
    Load Library library
    Load Library ""
    Load Packages 90
    Load Symbols 3
    Load DeviceSets 80
EndSection

Section : Analyze Document - C:\EAGLE 8.1.0\lbr\To Import\v-reg.lbr
    Analyzing data of C:\EAGLE 8.1.0\lbr\To Import\v-reg.lbr
    Load settings
    Load layers 59
    Load Library library
    Load Library ""
    Load Packages 52
    Load Symbols 13
    Load DeviceSets 42
EndSection

Section : Analyze Document - C:\EAGLE 8.1.0\lbr\To Import\wirepad.lbr
    Analyzing data of C:\EAGLE 8.1.0\lbr\To Import\wirepad.lbr
    Load settings
    Load layers 59
    Load Library library
    Load Library ""
    Load Packages 18
    Load Symbols 2
    Load DeviceSets 16
EndSection

Section : Import Document - C:\EAGLE 8.1.0\lbr\To Import\19inch.lbr
    Circles with holes do not supported for rooms!
    Circles with holes do not supported for rooms!
    Circles with holes do not supported for rooms!
    Circles with holes do not supported for rooms!
    Circles with holes do not supported for rooms!
    Circles with holes do not supported for rooms!
    Circles with holes do not supported for rooms!
    Circles with holes do not supported for rooms!
    Circles with holes do not supported for rooms!
    Circles with holes do not supported for rooms!
    Circles with holes do not supported for rooms!
    Circles with holes do not supported for rooms!
    Circles with holes do not supported for rooms!
    Circles with holes do not supported for rooms!
    Circles with holes do not supported for rooms!
    Circles with holes do not supported for rooms!
    Circles with holes do not supported for rooms!
    Circles with holes do not supported for rooms!
    Circles with holes do not supported for rooms!
    Circles with holes do not supported for rooms!
    Circles with holes do not supported for rooms!
    Circles with holes do not supported for rooms!
    Circles with holes do not supported for rooms!
    Circles with holes do not supported for rooms!
    Circles with holes do not supported for rooms!
    Circles with holes do not supported for rooms!
    Circles with holes do not supported for rooms!
    Circles with holes do not supported for rooms!
    Circles with holes do not supported for rooms!
    Circles with holes do not supported for rooms!
    Circles with holes do not supported for rooms!
    Circles with holes do not supported for rooms!
    Circles with holes do not supported for rooms!
    Circles with holes do not supported for rooms!
    Circles with holes do not supported for rooms!
    Circles with holes do not supported for rooms!
    Circles with holes do not supported for rooms!
    Circles with holes do not supported for rooms!
    Circles with holes do not supported for rooms!
    Circles with holes do not supported for rooms!
    Circles with holes do not supported for rooms!
    Circles with holes do not supported for rooms!
    Circles with holes do not supported for rooms!
    Circles with holes do not supported for rooms!
    Circles with holes do not supported for rooms!
    Circles with holes do not supported for rooms!
    Circles with holes do not supported for rooms!
    Circles with holes do not supported for rooms!
    Circles with holes do not supported for rooms!
    Circles with holes do not supported for rooms!
    Circles with holes do not supported for rooms!
    Circles with holes do not supported for rooms!
    Circles with holes do not supported for rooms!
    Circles with holes do not supported for rooms!
EndSection

Section : Import Document - C:\EAGLE 8.1.0\lbr\To Import\40xx.lbr
    ERROR: Exception raised! Error reading ImageList.ColorDepth: Invalid ImageList
EndSection

Section : Import Document - C:\EAGLE 8.1.0\lbr\To Import\41xx.lbr
    ERROR: Exception raised! Out of system resources
EndSection

Section : Import Document - C:\EAGLE 8.1.0\lbr\To Import\45xx.lbr
    ERROR: Exception raised! Out of system resources
EndSection

Section : Import Document - C:\EAGLE 8.1.0\lbr\To Import\74ac-logic.lbr
    ERROR: Exception raised! Invalid ImageList
EndSection

Section : Import Document - C:\EAGLE 8.1.0\lbr\To Import\74ttl-din.lbr
    ERROR: Exception raised! Catastrophic failure
EndSection

Section : Import Document - C:\EAGLE 8.1.0\lbr\To Import\74xx-eu.lbr
    ERROR: Exception raised! Catastrophic failure
EndSection
