Importer Log Report
Project : Group

Section : Analyze Document - C:\EAGLE 8.1.0\lbr\battery.lbr
    Analyzing data of C:\EAGLE 8.1.0\lbr\battery.lbr
    Load settings
    Load layers 59
    Load Library library
    Load Library ""
    Load Packages 43
    Load Symbols 21
    Load DeviceSets 62
EndSection

Section : Analyze Document - C:\EAGLE 8.1.0\lbr\burr-brown.lbr
    Analyzing data of C:\EAGLE 8.1.0\lbr\burr-brown.lbr
    Load settings
    Load layers 59
    Load Library library
    Load Library ""
    Load Packages 61
    Load Symbols 156
    Load DeviceSets 198
EndSection

Section : Analyze Document - C:\EAGLE 8.1.0\lbr\buzzer.lbr
    Analyzing data of C:\EAGLE 8.1.0\lbr\buzzer.lbr
    Load settings
    Load layers 59
    Load Library library
    Load Library ""
    Load Packages 39
    Load Symbols 6
    Load DeviceSets 36
EndSection

Section : Analyze Document - C:\EAGLE 8.1.0\lbr\capacitor-wima.lbr
    Analyzing data of C:\EAGLE 8.1.0\lbr\capacitor-wima.lbr
    Load settings
    Load layers 59
    Load Library library
    Load Library ""
    Load Packages 45
    Load Symbols 2
    Load DeviceSets 2
EndSection

Section : Analyze Document - C:\EAGLE 8.1.0\lbr\crystal.lbr
    Analyzing data of C:\EAGLE 8.1.0\lbr\crystal.lbr
    Load settings
    Load layers 59
    Load Library library
    Load Library ""
    Load Packages 66
    Load Symbols 18
    Load DeviceSets 58
EndSection

Section : Analyze Document - C:\EAGLE 8.1.0\lbr\diode.lbr
    Analyzing data of C:\EAGLE 8.1.0\lbr\diode.lbr
    Load settings
    Load layers 60
    Load Library library
    Load Library ""
    Load Packages 206
    Load Symbols 39
    Load DeviceSets 205
EndSection

Section : Analyze Document - C:\EAGLE 8.1.0\lbr\discrete.lbr
    Analyzing data of C:\EAGLE 8.1.0\lbr\discrete.lbr
    Load settings
    Load layers 59
    Load Library library
    Load Library ""
    Load Packages 6
    Load Symbols 4
    Load DeviceSets 4
EndSection

Section : Import Document - C:\EAGLE 8.1.0\lbr\diode.lbr
    Circles with holes do not supported for rooms!
    Circles with holes do not supported for rooms!
    Circles with holes do not supported for rooms!
    Circles with holes do not supported for rooms!
    Circles with holes do not supported for rooms!
    Circles with holes do not supported for rooms!
    Circles with holes do not supported for rooms!
    Circles with holes do not supported for rooms!
    Circles with holes do not supported for rooms!
    Circles with holes do not supported for rooms!
    Circles with holes do not supported for rooms!
    Circles with holes do not supported for rooms!
    Circles with holes do not supported for rooms!
    Circles with holes do not supported for rooms!
    Circles with holes do not supported for rooms!
    Circles with holes do not supported for rooms!
EndSection
