Importer Log Report
Project : Group

Section : Analyze Document - C:\EAGLE 8.1.0\lbr\To Import\resistor-ruf.lbr
    Analyzing data of C:\EAGLE 8.1.0\lbr\To Import\resistor-ruf.lbr
    Load settings
    Load layers 59
    Load Library library
    Load Library ""
    Load Packages 3
    Load Symbols 1
    Load DeviceSets 3
EndSection

Section : Analyze Document - C:\EAGLE 8.1.0\lbr\To Import\resistor-shunt.lbr
    Analyzing data of C:\EAGLE 8.1.0\lbr\To Import\resistor-shunt.lbr
    Load settings
    Load layers 59
    Load Library library
    Load Library ""
    Load Packages 14
    Load Symbols 2
    Load DeviceSets 13
EndSection

Section : Analyze Document - C:\EAGLE 8.1.0\lbr\To Import\resistor-sil.lbr
    Analyzing data of C:\EAGLE 8.1.0\lbr\To Import\resistor-sil.lbr
    Load settings
    Load layers 59
    Load Library library
    Load Library ""
    Load Packages 11
    Load Symbols 30
    Load DeviceSets 57
EndSection

Section : Analyze Document - C:\EAGLE 8.1.0\lbr\To Import\solpad.lbr
    Analyzing data of C:\EAGLE 8.1.0\lbr\To Import\solpad.lbr
    Load settings
    Load layers 59
    Load Library library
    Load Library ""
    Load Packages 8
    Load Symbols 1
    Load DeviceSets 8
EndSection

Section : Analyze Document - C:\EAGLE 8.1.0\lbr\To Import\speaker.lbr
    Analyzing data of C:\EAGLE 8.1.0\lbr\To Import\speaker.lbr
    Load settings
    Load layers 59
    Load Library library
    Load Library ""
    Load Packages 1
    Load Symbols 1
    Load DeviceSets 1
EndSection

Section : Analyze Document - C:\EAGLE 8.1.0\lbr\To Import\special.lbr
    Analyzing data of C:\EAGLE 8.1.0\lbr\To Import\special.lbr
    Load settings
    Load layers 59
    Load Library library
    Load Library ""
    Load Packages 77
    Load Symbols 23
    Load DeviceSets 27
EndSection

Section : Analyze Document - C:\EAGLE 8.1.0\lbr\To Import\supply1.lbr
    Analyzing data of C:\EAGLE 8.1.0\lbr\To Import\supply1.lbr
    Load settings
    Load layers 59
    Load Library library
    Load Library ""
    Load Packages 0
    Load Symbols 29
    Load DeviceSets 28
EndSection

Section : Analyze Document - C:\EAGLE 8.1.0\lbr\To Import\supply2.lbr
    Analyzing data of C:\EAGLE 8.1.0\lbr\To Import\supply2.lbr
    Load settings
    Load layers 59
    Load Library library
    Load Library ""
    Load Packages 1
    Load Symbols 48
    Load DeviceSets 48
EndSection

Section : Analyze Document - C:\EAGLE 8.1.0\lbr\To Import\switch.lbr
    Analyzing data of C:\EAGLE 8.1.0\lbr\To Import\switch.lbr
    Load settings
    Load layers 59
    Load Library library
    Load Library ""
    Load Packages 92
    Load Symbols 54
    Load DeviceSets 93
EndSection

Section : Analyze Document - C:\EAGLE 8.1.0\lbr\To Import\testpad.lbr
    Analyzing data of C:\EAGLE 8.1.0\lbr\To Import\testpad.lbr
    Load settings
    Load layers 59
    Load Library library
    Load Library ""
    Load Packages 42
    Load Symbols 4
    Load DeviceSets 8
EndSection

Section : Analyze Document - C:\EAGLE 8.1.0\lbr\To Import\texas.lbr
    Analyzing data of C:\EAGLE 8.1.0\lbr\To Import\texas.lbr
    Load settings
    Load layers 59
    Load Library library
    Load Library ""
    Load Packages 124
    Load Symbols 195
    Load DeviceSets 132
EndSection

Section : Analyze Document - C:\EAGLE 8.1.0\lbr\To Import\trafo.lbr
    Analyzing data of C:\EAGLE 8.1.0\lbr\To Import\trafo.lbr
    Load settings
    Load layers 59
    Load Library library
    Load Library ""
    Load Packages 80
    Load Symbols 18
    Load DeviceSets 80
EndSection

Section : Analyze Document - C:\EAGLE 8.1.0\lbr\To Import\trafo-hammondmfg.lbr
    Analyzing data of C:\EAGLE 8.1.0\lbr\To Import\trafo-hammondmfg.lbr
    Load settings
    Load layers 59
    Load Library library
    Load Library ""
    Load Packages 17
    Load Symbols 1
    Load DeviceSets 1
EndSection

Section : Analyze Document - C:\EAGLE 8.1.0\lbr\To Import\transistor.lbr
    Analyzing data of C:\EAGLE 8.1.0\lbr\To Import\transistor.lbr
    Load settings
    Load layers 59
    Load Library library
    Load Library ""
    Load Packages 58
    Load Symbols 13
    Load DeviceSets 146
EndSection

Section : Analyze Document - C:\EAGLE 8.1.0\lbr\To Import\transistor-fet.lbr
    Analyzing data of C:\EAGLE 8.1.0\lbr\To Import\transistor-fet.lbr
    Load settings
    Load layers 59
    Load Library library
    Load Library ""
    Load Packages 45
    Load Symbols 22
    Load DeviceSets 96
EndSection

Section : Analyze Document - C:\EAGLE 8.1.0\lbr\To Import\transistor-neu-to92.lbr
    Analyzing data of C:\EAGLE 8.1.0\lbr\To Import\transistor-neu-to92.lbr
    Load settings
    Load layers 59
    Load Library library
    Load Library ""
    Load Packages 57
    Load Symbols 19
    Load DeviceSets 140
EndSection

Section : Analyze Document - C:\EAGLE 8.1.0\lbr\To Import\transistor-npn.lbr
    Analyzing data of C:\EAGLE 8.1.0\lbr\To Import\transistor-npn.lbr
    Load settings
    Load layers 59
    Load Library library
    Load Library ""
    Load Packages 49
    Load Symbols 7
    Load DeviceSets 174
EndSection

Section : Analyze Document - C:\EAGLE 8.1.0\lbr\To Import\transistor-pnp.lbr
    Analyzing data of C:\EAGLE 8.1.0\lbr\To Import\transistor-pnp.lbr
    Load settings
    Load layers 59
    Load Library library
    Load Library ""
    Load Packages 37
    Load Symbols 3
    Load DeviceSets 139
EndSection

Section : Analyze Document - C:\EAGLE 8.1.0\lbr\To Import\transistor-power.lbr
    Analyzing data of C:\EAGLE 8.1.0\lbr\To Import\transistor-power.lbr
    Load settings
    Load layers 59
    Load Library library
    Load Library ""
    Load Packages 90
    Load Symbols 27
    Load DeviceSets 80
EndSection

Section : Analyze Document - C:\EAGLE 8.1.0\lbr\To Import\transistor-small-signal.lbr
    Analyzing data of C:\EAGLE 8.1.0\lbr\To Import\transistor-small-signal.lbr
    Load settings
    Load layers 59
    Load Library library
    Load Library ""
    Load Packages 107
    Load Symbols 16
    Load DeviceSets 62
EndSection

Section : Analyze Document - C:\EAGLE 8.1.0\lbr\To Import\varistor.lbr
    Analyzing data of C:\EAGLE 8.1.0\lbr\To Import\varistor.lbr
    Load settings
    Load layers 59
    Load Library library
    Load Library ""
    Load Packages 90
    Load Symbols 3
    Load DeviceSets 80
EndSection

Section : Analyze Document - C:\EAGLE 8.1.0\lbr\To Import\v-reg.lbr
    Analyzing data of C:\EAGLE 8.1.0\lbr\To Import\v-reg.lbr
    Load settings
    Load layers 59
    Load Library library
    Load Library ""
    Load Packages 52
    Load Symbols 13
    Load DeviceSets 42
EndSection

Section : Analyze Document - C:\EAGLE 8.1.0\lbr\To Import\wirepad.lbr
    Analyzing data of C:\EAGLE 8.1.0\lbr\To Import\wirepad.lbr
    Load settings
    Load layers 59
    Load Library library
    Load Library ""
    Load Packages 18
    Load Symbols 2
    Load DeviceSets 16
EndSection
